d:\projects\stas\build\stas_engine.dir\release\autorun_detector.obj
d:\projects\stas\build\stas_engine.dir\release\risk_scoring.obj
d:\projects\stas\build\stas_engine.dir\release\sqlite_db.obj
d:\projects\stas\build\stas_engine.dir\release\sandbox.obj
d:\projects\stas\build\stas_engine.dir\release\dynamic_timeline.obj
d:\projects\stas\build\stas_engine.dir\release\static_analysis.obj
d:\projects\stas\build\stas_engine.dir\release\main.obj
d:\projects\stas\build\cmakefiles\generate.stamp
d:\projects\stas\build\release\stas_engine.exe
d:\projects\stas\build\stas_engine.dir\release\stas_engine.tlog\cl.command.1.tlog
d:\projects\stas\build\stas_engine.dir\release\stas_engine.tlog\cl.items.tlog
d:\projects\stas\build\stas_engine.dir\release\stas_engine.tlog\cl.read.1.tlog
d:\projects\stas\build\stas_engine.dir\release\stas_engine.tlog\cl.write.1.tlog
d:\projects\stas\build\stas_engine.dir\release\stas_engine.tlog\custombuild.command.1.tlog
d:\projects\stas\build\stas_engine.dir\release\stas_engine.tlog\custombuild.read.1.tlog
d:\projects\stas\build\stas_engine.dir\release\stas_engine.tlog\custombuild.write.1.tlog
d:\projects\stas\build\stas_engine.dir\release\stas_engine.tlog\link.command.1.tlog
d:\projects\stas\build\stas_engine.dir\release\stas_engine.tlog\link.read.1.tlog
d:\projects\stas\build\stas_engine.dir\release\stas_engine.tlog\link.secondary.1.tlog
d:\projects\stas\build\stas_engine.dir\release\stas_engine.tlog\link.write.1.tlog
